c:\users\borys\desktop\kmprogramowanie\zadania cpp\cars2\cars2\debug\vc141.pdb
c:\users\borys\desktop\kmprogramowanie\zadania cpp\cars2\cars2\debug\vc141.idb
c:\users\borys\desktop\kmprogramowanie\zadania cpp\cars2\cars2\debug\main.obj
c:\users\borys\desktop\kmprogramowanie\zadania cpp\cars2\cars2\debug\car.obj
c:\users\borys\desktop\kmprogramowanie\zadania cpp\cars2\cars2\debug\wheel.obj
c:\users\borys\desktop\kmprogramowanie\zadania cpp\cars2\cars2\debug\engine.obj
c:\users\borys\desktop\kmprogramowanie\zadania cpp\cars2\cars2\debug\car_body.obj
c:\users\borys\desktop\kmprogramowanie\zadania cpp\cars2\cars2\debug\engine_validator.obj
c:\users\borys\desktop\kmprogramowanie\zadania cpp\cars2\cars2\debug\car_validator.obj
c:\users\borys\desktop\kmprogramowanie\zadania cpp\cars2\cars2\debug\car_utils.obj
c:\users\borys\desktop\kmprogramowanie\zadania cpp\cars2\cars2\debug\wheel_validator.obj
c:\users\borys\desktop\kmprogramowanie\zadania cpp\cars2\cars2\debug\car_body_validator.obj
c:\users\borys\desktop\kmprogramowanie\zadania cpp\cars2\cars2\debug\cars_utils.obj
c:\users\borys\desktop\kmprogramowanie\zadania cpp\cars2\debug\cars2.exe
c:\users\borys\desktop\kmprogramowanie\zadania cpp\cars2\debug\cars2.ilk
c:\users\borys\desktop\kmprogramowanie\zadania cpp\cars2\debug\cars2.pdb
c:\users\borys\desktop\kmprogramowanie\zadania cpp\cars2\cars2\debug\cars2.tlog\cl.command.1.tlog
c:\users\borys\desktop\kmprogramowanie\zadania cpp\cars2\cars2\debug\cars2.tlog\cl.read.1.tlog
c:\users\borys\desktop\kmprogramowanie\zadania cpp\cars2\cars2\debug\cars2.tlog\cl.write.1.tlog
c:\users\borys\desktop\kmprogramowanie\zadania cpp\cars2\cars2\debug\cars2.tlog\link.command.1.tlog
c:\users\borys\desktop\kmprogramowanie\zadania cpp\cars2\cars2\debug\cars2.tlog\link.read.1.tlog
c:\users\borys\desktop\kmprogramowanie\zadania cpp\cars2\cars2\debug\cars2.tlog\link.write.1.tlog
